[06juin2026 10:12:48.098] [main/INFO] [cpw.mods.modlauncher.Launcher/MODLAUNCHER]: ModLauncher running: args [--launchTarget, forgeclientdev, --version, 21.1.172, --assetIndex, 17, --assetsDir, C:\\Users\\mz\\.gradle\\caches\\neoformruntime\\assets, --gameDir, ., --fml.fmlVersion, 4.0.39, --fml.mcVersion, 1.21.1, --fml.neoForgeVersion, 21.1.172, --fml.neoFormVersion, 20240808.144430]
[06juin2026 10:12:48.105] [main/INFO] [cpw.mods.modlauncher.Launcher/MODLAUNCHER]: JVM identified as Eclipse Adoptium OpenJDK 64-Bit Server VM 21.0.8+9-LTS
[06juin2026 10:12:48.107] [main/INFO] [cpw.mods.modlauncher.Launcher/MODLAUNCHER]: ModLauncher 11.0.4+main.d2e20e43 starting: java version 21.0.8 by Eclipse Adoptium; OS Windows 11 arch amd64 version 10.0
[06juin2026 10:12:48.594] [main/INFO] [net.neoforged.fml.loading.ImmediateWindowHandler/]: Loading ImmediateWindowProvider fmlearlywindow
[06juin2026 10:12:48.896] [main/INFO] [EARLYDISPLAY/]: Trying GL version 4.6
[06juin2026 10:12:49.060] [main/INFO] [EARLYDISPLAY/]: Requested GL version 4.6 got version 4.6
[06juin2026 10:12:49.402] [main/INFO] [mixin/]: SpongePowered MIXIN Subsystem Version=0.8.7 Source=union:/C:/Users/mz/.gradle/caches/modules-2/files-2.1/net.fabricmc/sponge-mixin/0.15.2+mixin.0.8.7/2af2f021d8e02a0220dc27a7a72b4666d66d44ca/sponge-mixin-0.15.2+mixin.0.8.7.jar%23138!/ Service=ModLauncher Env=CLIENT
[06juin2026 10:12:50.349] [pool-2-thread-1/INFO] [EARLYDISPLAY/]: GL info: Intel(R) UHD Graphics GL version 4.6.0 - Build 32.0.101.6790, Intel
[06juin2026 10:12:50.920] [main/INFO] [net.neoforged.fml.loading.moddiscovery.locators.JarInJarDependencyLocator/]: Found 2 dependencies adding them to mods collection
[06juin2026 10:12:50.932] [main/INFO] [net.neoforged.fml.loading.moddiscovery.ModDiscoverer/]: 
     Mod List:
		Name Version (Mod Id)

		Body Health System 12.2.0 (bodyhealth)
		Minecraft 1.21.1 (minecraft)
		NeoForge 21.1.172 (neoforge)
[06juin2026 10:12:54.549] [main/INFO] [cpw.mods.modlauncher.LaunchServiceHandler/MODLAUNCHER]: Launching target 'forgeclientdev' with arguments [--version, 21.1.172, --gameDir, ., --assetsDir, C:\Users\mz\.gradle\caches\neoformruntime\assets, --assetIndex, 17]
[06juin2026 10:13:00.245] [pool-7-thread-1/INFO] [MixinExtras|Service/]: Initializing MixinExtras via com.llamalad7.mixinextras.service.MixinExtrasServiceImpl(version=0.4.1).
[06juin2026 10:13:00.996] [Datafixer Bootstrap/INFO] [com.mojang.datafixers.DataFixerBuilder/]: 229 Datafixer optimizations took 2485 milliseconds
[06juin2026 10:13:08.257] [main/WARN] [net.minecraft.commands.Commands/]: Ambiguity between arguments [teleport, location] and [teleport, destination] with inputs: [0.1 -0.5 .9, 0 0 0]
[06juin2026 10:13:08.260] [main/WARN] [net.minecraft.commands.Commands/]: Ambiguity between arguments [teleport, location] and [teleport, targets] with inputs: [0.1 -0.5 .9, 0 0 0]
[06juin2026 10:13:08.266] [main/WARN] [net.minecraft.commands.Commands/]: Ambiguity between arguments [teleport, destination] and [teleport, targets] with inputs: [Player, 0123, @e, dd12be42-52a9-4a91-a8a1-11c01849e498]
[06juin2026 10:13:08.269] [main/WARN] [net.minecraft.commands.Commands/]: Ambiguity between arguments [teleport, targets] and [teleport, destination] with inputs: [Player, 0123, dd12be42-52a9-4a91-a8a1-11c01849e498]
[06juin2026 10:13:08.272] [main/WARN] [net.minecraft.commands.Commands/]: Ambiguity between arguments [teleport, targets, location] and [teleport, targets, destination] with inputs: [0.1 -0.5 .9, 0 0 0]
[06juin2026 10:13:08.487] [Render thread/WARN] [net.minecraft.server.packs.VanillaPackResourcesBuilder/]: Assets URL 'union:/D:/Mods%20Body-Health/bodyhealth-1_21_1-fixed/bh_fixed/build/moddev/artifacts/neoforge-21.1.172.jar%23189!/assets/.mcassetsroot' uses unexpected schema
[06juin2026 10:13:08.488] [Render thread/WARN] [net.minecraft.server.packs.VanillaPackResourcesBuilder/]: Assets URL 'union:/D:/Mods%20Body-Health/bodyhealth-1_21_1-fixed/bh_fixed/build/moddev/artifacts/neoforge-21.1.172.jar%23189!/data/.mcassetsroot' uses unexpected schema
[06juin2026 10:13:08.557] [Render thread/INFO] [com.mojang.authlib.yggdrasil.YggdrasilAuthenticationService/]: Environment: Environment[sessionHost=https://sessionserver.mojang.com, servicesHost=https://api.minecraftservices.com, name=PROD]
[06juin2026 10:13:08.574] [Render thread/INFO] [net.minecraft.client.Minecraft/]: Setting user: Dev
[06juin2026 10:13:08.723] [Render thread/INFO] [net.minecraft.client.Minecraft/]: Backend library: LWJGL version 3.3.3+5
[06juin2026 10:13:09.084] [modloading-worker-0/INFO] [net.neoforged.neoforge.common.NeoForgeMod/NEOFORGE-MOD]: NeoForge mod loading, version 21.1.172, for MC 1.21.1
[06juin2026 10:13:10.444] [Render thread/INFO] [net.neoforged.neoforge.gametest.GameTestHooks/]: Enabled Gametest Namespaces: []
[06juin2026 10:13:10.643] [Render thread/INFO] [net.minecraft.server.packs.resources.ReloadableResourceManager/]: Reloading ResourceManager: vanilla, mod_resources, mod/bodyhealth, mod/neoforge
[06juin2026 10:13:10.995] [Worker-Main-1/INFO] [net.minecraft.client.gui.font.providers.UnihexProvider/]: Found unifont_all_no_pua-15.1.05.hex, loading
[06juin2026 10:13:11.502] [Worker-Main-5/INFO] [net.minecraft.client.gui.font.providers.UnihexProvider/]: Found unifont_jp_patch-15.1.05.hex, loading
[06juin2026 10:13:12.382] [Worker-Main-2/WARN] [net.minecraft.client.resources.model.ModelBakery/]: Unable to load model: 'bodyhealth:item/morphine_syringe' referenced from: bodyhealth:item/morphine_syringe: java.io.FileNotFoundException: bodyhealth:models/item/morphine_syringe.json
[06juin2026 10:13:12.383] [Worker-Main-2/WARN] [net.minecraft.client.resources.model.ModelBakery/]: Unable to load model: 'bodyhealth:item/medical_kit' referenced from: bodyhealth:item/medical_kit: java.io.FileNotFoundException: bodyhealth:models/item/medical_kit.json
[06juin2026 10:13:12.384] [Worker-Main-2/WARN] [net.minecraft.client.resources.model.ModelBakery/]: Unable to load model: 'bodyhealth:item/survival_guide' referenced from: bodyhealth:item/survival_guide: java.io.FileNotFoundException: bodyhealth:models/item/survival_guide.json
[06juin2026 10:13:12.388] [Worker-Main-2/WARN] [net.minecraft.client.resources.model.ModelBakery/]: Unable to load model: 'bodyhealth:item/bandage' referenced from: bodyhealth:item/bandage: java.io.FileNotFoundException: bodyhealth:models/item/bandage.json
[06juin2026 10:13:13.291] [Render thread/WARN] [net.minecraft.client.sounds.SoundEngine/]: Missing sound for event: minecraft:item.goat_horn.play
[06juin2026 10:13:13.292] [Render thread/WARN] [net.minecraft.client.sounds.SoundEngine/]: Missing sound for event: minecraft:entity.goat.screaming.horn_break
[06juin2026 10:13:13.293] [Render thread/WARN] [net.minecraft.client.sounds.SoundEngine/]: Missing sound for event: bodyhealth:hurt_head
[06juin2026 10:13:13.293] [Render thread/WARN] [net.minecraft.client.sounds.SoundEngine/]: Missing sound for event: bodyhealth:hurt_torso
[06juin2026 10:13:13.293] [Render thread/WARN] [net.minecraft.client.sounds.SoundEngine/]: Missing sound for event: bodyhealth:hurt_arm
[06juin2026 10:13:13.294] [Render thread/WARN] [net.minecraft.client.sounds.SoundEngine/]: Missing sound for event: bodyhealth:hurt_leg
[06juin2026 10:13:13.294] [Render thread/WARN] [net.minecraft.client.sounds.SoundEngine/]: Missing sound for event: bodyhealth:fracture_crack
[06juin2026 10:13:13.294] [Render thread/WARN] [net.minecraft.client.sounds.SoundEngine/]: Missing sound for event: bodyhealth:fracture_shatter
[06juin2026 10:13:14.648] [Render thread/INFO] [com.mojang.blaze3d.audio.Library/]: OpenAL initialized on device OpenAL Soft on Haut-parleur (Realtek(R) Audio)
[06juin2026 10:13:14.650] [Render thread/INFO] [net.minecraft.client.sounds.SoundEngine/SOUNDS]: Sound engine started
[06juin2026 10:13:14.805] [Render thread/INFO] [net.minecraft.client.renderer.texture.TextureAtlas/]: Created: 1024x512x4 minecraft:textures/atlas/blocks.png-atlas
[06juin2026 10:13:15.639] [Render thread/INFO] [net.minecraft.client.renderer.texture.TextureAtlas/]: Created: 256x256x4 minecraft:textures/atlas/signs.png-atlas
[06juin2026 10:13:15.655] [Render thread/INFO] [net.minecraft.client.renderer.texture.TextureAtlas/]: Created: 512x512x4 minecraft:textures/atlas/banner_patterns.png-atlas
[06juin2026 10:13:15.683] [Render thread/INFO] [net.minecraft.client.renderer.texture.TextureAtlas/]: Created: 512x512x4 minecraft:textures/atlas/shield_patterns.png-atlas
[06juin2026 10:13:15.717] [Render thread/INFO] [net.minecraft.client.renderer.texture.TextureAtlas/]: Created: 1024x1024x4 minecraft:textures/atlas/armor_trims.png-atlas
[06juin2026 10:13:15.915] [Render thread/INFO] [net.minecraft.client.renderer.texture.TextureAtlas/]: Created: 256x256x4 minecraft:textures/atlas/chest.png-atlas
[06juin2026 10:13:15.922] [Render thread/INFO] [net.minecraft.client.renderer.texture.TextureAtlas/]: Created: 128x64x4 minecraft:textures/atlas/decorated_pot.png-atlas
[06juin2026 10:13:15.934] [Render thread/INFO] [net.minecraft.client.renderer.texture.TextureAtlas/]: Created: 512x256x4 minecraft:textures/atlas/beds.png-atlas
[06juin2026 10:13:15.947] [Render thread/INFO] [net.minecraft.client.renderer.texture.TextureAtlas/]: Created: 512x256x4 minecraft:textures/atlas/shulker_boxes.png-atlas
[06juin2026 10:13:16.241] [Render thread/INFO] [net.minecraft.client.renderer.texture.TextureAtlas/]: Created: 512x256x0 minecraft:textures/atlas/particles.png-atlas
[06juin2026 10:13:16.281] [Render thread/INFO] [net.minecraft.client.renderer.texture.TextureAtlas/]: Created: 512x256x0 minecraft:textures/atlas/paintings.png-atlas
[06juin2026 10:13:16.290] [Render thread/INFO] [net.minecraft.client.renderer.texture.TextureAtlas/]: Created: 256x128x0 minecraft:textures/atlas/mob_effects.png-atlas
[06juin2026 10:13:16.298] [Render thread/INFO] [net.minecraft.client.renderer.texture.TextureAtlas/]: Created: 64x64x0 minecraft:textures/atlas/map_decorations.png-atlas
[06juin2026 10:13:16.304] [Render thread/INFO] [net.minecraft.client.renderer.texture.TextureAtlas/]: Created: 1024x512x0 minecraft:textures/atlas/gui.png-atlas
[06juin2026 10:13:16.413] [Render thread/WARN] [net.minecraft.client.renderer.ShaderInstance/]: Shader rendertype_entity_translucent_emissive could not find sampler named Sampler2 in the specified shader program.
[06juin2026 10:13:16.530] [Render thread/INFO] [net.neoforged.neoforge.client.entity.animation.json.AnimationLoader/]: Loaded 0 entity animations
[06juin2026 10:13:26.354] [Render thread/INFO] [net.minecraft.world.item.crafting.RecipeManager/]: Loaded 1294 recipes
[06juin2026 10:13:26.604] [Render thread/INFO] [net.minecraft.advancements.AdvancementTree/]: Loaded 1403 advancements
[06juin2026 10:13:33.675] [Render thread/INFO] [net.minecraft.world.item.crafting.RecipeManager/]: Loaded 1294 recipes
[06juin2026 10:13:33.779] [Render thread/INFO] [net.minecraft.advancements.AdvancementTree/]: Loaded 1403 advancements
[06juin2026 10:13:36.758] [Server thread/INFO] [net.minecraft.client.server.IntegratedServer/]: Starting integrated minecraft server version 1.21.1
[06juin2026 10:13:36.759] [Server thread/INFO] [net.minecraft.server.MinecraftServer/]: Generating keypair
[06juin2026 10:13:42.388] [Server thread/INFO] [net.minecraft.server.MinecraftServer/]: Preparing start region for dimension minecraft:overworld
[06juin2026 10:13:42.442] [progressListener/INFO] [net.minecraft.server.level.progress.LoggerChunkProgressListener/]: Preparing spawn area: 2%
[06juin2026 10:13:42.991] [progressListener/INFO] [net.minecraft.server.level.progress.LoggerChunkProgressListener/]: Preparing spawn area: 2%
[06juin2026 10:13:43.412] [progressListener/INFO] [net.minecraft.server.level.progress.LoggerChunkProgressListener/]: Preparing spawn area: 2%
[06juin2026 10:13:43.914] [progressListener/INFO] [net.minecraft.server.level.progress.LoggerChunkProgressListener/]: Preparing spawn area: 2%
[06juin2026 10:13:44.695] [progressListener/INFO] [net.minecraft.server.level.progress.LoggerChunkProgressListener/]: Preparing spawn area: 18%
[06juin2026 10:13:44.951] [progressListener/INFO] [net.minecraft.server.level.progress.LoggerChunkProgressListener/]: Preparing spawn area: 18%
[06juin2026 10:13:45.410] [progressListener/INFO] [net.minecraft.server.level.progress.LoggerChunkProgressListener/]: Preparing spawn area: 18%
[06juin2026 10:13:45.911] [progressListener/INFO] [net.minecraft.server.level.progress.LoggerChunkProgressListener/]: Preparing spawn area: 18%
[06juin2026 10:13:46.417] [progressListener/INFO] [net.minecraft.server.level.progress.LoggerChunkProgressListener/]: Preparing spawn area: 51%
[06juin2026 10:13:46.909] [progressListener/INFO] [net.minecraft.server.level.progress.LoggerChunkProgressListener/]: Preparing spawn area: 51%
[06juin2026 10:13:47.349] [Server thread/INFO] [net.neoforged.neoforge.server.permission.PermissionAPI/]: Successfully initialized permission handler neoforge:default_handler
[06juin2026 10:13:47.349] [progressListener/INFO] [net.minecraft.server.level.progress.LoggerChunkProgressListener/]: Time elapsed: 4945 ms
[06juin2026 10:13:47.398] [Server thread/INFO] [net.minecraft.client.server.IntegratedServer/]: Changing view distance to 12, from 10
[06juin2026 10:13:47.399] [Server thread/INFO] [net.minecraft.client.server.IntegratedServer/]: Changing simulation distance to 12, from 0
[06juin2026 10:13:48.695] [Server thread/INFO] [net.minecraft.server.players.PlayerList/]: Dev[local:E:5e05c1fa] logged in with entity id 34 at (47.5, 64.0, -128.5)
[06juin2026 10:13:48.808] [Server thread/INFO] [net.minecraft.server.MinecraftServer/]: Dev joined the game
[06juin2026 10:13:48.985] [Render thread/INFO] [net.minecraft.advancements.AdvancementTree/]: Loaded 2 advancements
[06juin2026 10:14:11.342] [Render thread/INFO] [net.minecraft.client.gui.components.ChatComponent/]: [System] [CHAT] 
[06juin2026 10:14:11.346] [Render thread/INFO] [net.minecraft.client.gui.components.ChatComponent/]: [System] [CHAT] ══════ 📖 Guide de Survie ══════
[06juin2026 10:14:11.348] [Render thread/INFO] [net.minecraft.client.gui.components.ChatComponent/]: [System] [CHAT] ▶ Votre état actuel :
[06juin2026 10:14:11.361] [Render thread/INFO] [net.minecraft.client.gui.components.ChatComponent/]: [System] [CHAT]   Tête      : [❤❤❤] 6,0/6,0
[06juin2026 10:14:11.363] [Render thread/INFO] [net.minecraft.client.gui.components.ChatComponent/]: [System] [CHAT]   Torse     : [❤❤❤] 6,0/6,0
[06juin2026 10:14:11.363] [Render thread/INFO] [net.minecraft.client.gui.components.ChatComponent/]: [System] [CHAT]   Bras D    : [❤❤❤] 6,0/6,0
[06juin2026 10:14:11.364] [Render thread/INFO] [net.minecraft.client.gui.components.ChatComponent/]: [System] [CHAT]   Bras G    : [❤❤❤] 6,0/6,0
[06juin2026 10:14:11.364] [Render thread/INFO] [net.minecraft.client.gui.components.ChatComponent/]: [System] [CHAT]   Jambe D   : [❤❤❤] 6,0/6,0
[06juin2026 10:14:11.365] [Render thread/INFO] [net.minecraft.client.gui.components.ChatComponent/]: [System] [CHAT]   Jambe G   : [❤❤❤] 6,0/6,0
[06juin2026 10:14:11.365] [Render thread/INFO] [net.minecraft.client.gui.components.ChatComponent/]: [System] [CHAT] 
[06juin2026 10:14:11.365] [Render thread/INFO] [net.minecraft.client.gui.components.ChatComponent/]: [System] [CHAT] ▶ Effets par partie :
[06juin2026 10:14:11.365] [Render thread/INFO] [net.minecraft.client.gui.components.ChatComponent/]: [System] [CHAT]   Tête blessée     → Nausée (vision trouble)
[06juin2026 10:14:11.366] [Render thread/INFO] [net.minecraft.client.gui.components.ChatComponent/]: [System] [CHAT]   Jambe blessée    → Ralentissement
[06juin2026 10:14:11.366] [Render thread/INFO] [net.minecraft.client.gui.components.ChatComponent/]: [System] [CHAT]   Bras D mort      → Impossible de casser/poser
[06juin2026 10:14:11.367] [Render thread/INFO] [net.minecraft.client.gui.components.ChatComponent/]: [System] [CHAT]   Bras G mort      → Perd l'item secondaire
[06juin2026 10:14:11.367] [Render thread/INFO] [net.minecraft.client.gui.components.ChatComponent/]: [System] [CHAT]   Torse à 0 HP     → Mort instantanée
[06juin2026 10:14:11.368] [Render thread/INFO] [net.minecraft.client.gui.components.ChatComponent/]: [System] [CHAT]   Gros dégâts      → ⚡ Adrénaline (douleur masquée !)
[06juin2026 10:14:11.368] [Render thread/INFO] [net.minecraft.client.gui.components.ChatComponent/]: [System] [CHAT] 
[06juin2026 10:14:11.369] [Render thread/INFO] [net.minecraft.client.gui.components.ChatComponent/]: [System] [CHAT] ▶ Fractures :
[06juin2026 10:14:11.369] [Render thread/INFO] [net.minecraft.client.gui.components.ChatComponent/]: [System] [CHAT]   Foulée    → Regen naturelle ou Bandage
[06juin2026 10:14:11.369] [Render thread/INFO] [net.minecraft.client.gui.components.ChatComponent/]: [System] [CHAT]   Fracturée → Bandage (améliore d'1 cran)
[06juin2026 10:14:11.370] [Render thread/INFO] [net.minecraft.client.gui.components.ChatComponent/]: [System] [CHAT]   Broyée    → Kit Médical UNIQUEMENT
[06juin2026 10:14:11.370] [Render thread/INFO] [net.minecraft.client.gui.components.ChatComponent/]: [System] [CHAT] 
[06juin2026 10:14:11.370] [Render thread/INFO] [net.minecraft.client.gui.components.ChatComponent/]: [System] [CHAT] ▶ Items de soin :
[06juin2026 10:14:11.370] [Render thread/INFO] [net.minecraft.client.gui.components.ChatComponent/]: [System] [CHAT]   🩹 Bandage     → +1.5 ❤ (partie la + blessée)  [3s]
[06juin2026 10:14:11.372] [Render thread/INFO] [net.minecraft.client.gui.components.ChatComponent/]: [System] [CHAT]   🏥 Kit Médical → +3 ❤ toutes parties + 2 crans [5s]
[06juin2026 10:14:11.373] [Render thread/INFO] [net.minecraft.client.gui.components.ChatComponent/]: [System] [CHAT]   💉 Morphine    → Supprime effets 30s (overdose ×3 !)
[06juin2026 10:14:11.373] [Render thread/INFO] [net.minecraft.client.gui.components.ChatComponent/]: [System] [CHAT] 
[06juin2026 10:14:11.373] [Render thread/INFO] [net.minecraft.client.gui.components.ChatComponent/]: [System] [CHAT] ▶ Craft rapide :
[06juin2026 10:14:11.374] [Render thread/INFO] [net.minecraft.client.gui.components.ChatComponent/]: [System] [CHAT]   Laine + Fil          → 🩹 Bandage (×4)
[06juin2026 10:14:11.374] [Render thread/INFO] [net.minecraft.client.gui.components.ChatComponent/]: [System] [CHAT]   Bandages + Or + Coffre → 🏥 Kit Médical
[06juin2026 10:14:11.374] [Render thread/INFO] [net.minecraft.client.gui.components.ChatComponent/]: [System] [CHAT]   Verre + Blaze + Fer  → 💉 Seringue (×2)
[06juin2026 10:14:11.375] [Render thread/INFO] [net.minecraft.client.gui.components.ChatComponent/]: [System] [CHAT] ══════════════════════════════
[06juin2026 10:14:13.500] [Render thread/INFO] [net.minecraft.client.gui.components.ChatComponent/]: [System] [CHAT] 
[06juin2026 10:14:13.501] [Render thread/INFO] [net.minecraft.client.gui.components.ChatComponent/]: [System] [CHAT] ══════ 📖 Guide de Survie ══════
[06juin2026 10:14:13.501] [Render thread/INFO] [net.minecraft.client.gui.components.ChatComponent/]: [System] [CHAT] ▶ Votre état actuel :
[06juin2026 10:14:13.502] [Render thread/INFO] [net.minecraft.client.gui.components.ChatComponent/]: [System] [CHAT]   Tête      : [❤❤❤] 6,0/6,0
[06juin2026 10:14:13.502] [Render thread/INFO] [net.minecraft.client.gui.components.ChatComponent/]: [System] [CHAT]   Torse     : [❤❤❤] 6,0/6,0
[06juin2026 10:14:13.503] [Render thread/INFO] [net.minecraft.client.gui.components.ChatComponent/]: [System] [CHAT]   Bras D    : [❤❤❤] 6,0/6,0
[06juin2026 10:14:13.503] [Render thread/INFO] [net.minecraft.client.gui.components.ChatComponent/]: [System] [CHAT]   Bras G    : [❤❤❤] 6,0/6,0
[06juin2026 10:14:13.504] [Render thread/INFO] [net.minecraft.client.gui.components.ChatComponent/]: [System] [CHAT]   Jambe D   : [❤❤❤] 6,0/6,0
[06juin2026 10:14:13.505] [Render thread/INFO] [net.minecraft.client.gui.components.ChatComponent/]: [System] [CHAT]   Jambe G   : [❤❤❤] 6,0/6,0
[06juin2026 10:14:13.505] [Render thread/INFO] [net.minecraft.client.gui.components.ChatComponent/]: [System] [CHAT] 
[06juin2026 10:14:13.506] [Render thread/INFO] [net.minecraft.client.gui.components.ChatComponent/]: [System] [CHAT] ▶ Effets par partie :
[06juin2026 10:14:13.506] [Render thread/INFO] [net.minecraft.client.gui.components.ChatComponent/]: [System] [CHAT]   Tête blessée     → Nausée (vision trouble)
[06juin2026 10:14:13.506] [Render thread/INFO] [net.minecraft.client.gui.components.ChatComponent/]: [System] [CHAT]   Jambe blessée    → Ralentissement
[06juin2026 10:14:13.507] [Render thread/INFO] [net.minecraft.client.gui.components.ChatComponent/]: [System] [CHAT]   Bras D mort      → Impossible de casser/poser
[06juin2026 10:14:13.507] [Render thread/INFO] [net.minecraft.client.gui.components.ChatComponent/]: [System] [CHAT]   Bras G mort      → Perd l'item secondaire
[06juin2026 10:14:13.508] [Render thread/INFO] [net.minecraft.client.gui.components.ChatComponent/]: [System] [CHAT]   Torse à 0 HP     → Mort instantanée
[06juin2026 10:14:13.508] [Render thread/INFO] [net.minecraft.client.gui.components.ChatComponent/]: [System] [CHAT]   Gros dégâts      → ⚡ Adrénaline (douleur masquée !)
[06juin2026 10:14:13.508] [Render thread/INFO] [net.minecraft.client.gui.components.ChatComponent/]: [System] [CHAT] 
[06juin2026 10:14:13.509] [Render thread/INFO] [net.minecraft.client.gui.components.ChatComponent/]: [System] [CHAT] ▶ Fractures :
[06juin2026 10:14:13.509] [Render thread/INFO] [net.minecraft.client.gui.components.ChatComponent/]: [System] [CHAT]   Foulée    → Regen naturelle ou Bandage
[06juin2026 10:14:13.509] [Render thread/INFO] [net.minecraft.client.gui.components.ChatComponent/]: [System] [CHAT]   Fracturée → Bandage (améliore d'1 cran)
[06juin2026 10:14:13.510] [Render thread/INFO] [net.minecraft.client.gui.components.ChatComponent/]: [System] [CHAT]   Broyée    → Kit Médical UNIQUEMENT
[06juin2026 10:14:13.510] [Render thread/INFO] [net.minecraft.client.gui.components.ChatComponent/]: [System] [CHAT] 
[06juin2026 10:14:13.510] [Render thread/INFO] [net.minecraft.client.gui.components.ChatComponent/]: [System] [CHAT] ▶ Items de soin :
[06juin2026 10:14:13.511] [Render thread/INFO] [net.minecraft.client.gui.components.ChatComponent/]: [System] [CHAT]   🩹 Bandage     → +1.5 ❤ (partie la + blessée)  [3s]
[06juin2026 10:14:13.511] [Render thread/INFO] [net.minecraft.client.gui.components.ChatComponent/]: [System] [CHAT]   🏥 Kit Médical → +3 ❤ toutes parties + 2 crans [5s]
[06juin2026 10:14:13.511] [Render thread/INFO] [net.minecraft.client.gui.components.ChatComponent/]: [System] [CHAT]   💉 Morphine    → Supprime effets 30s (overdose ×3 !)
[06juin2026 10:14:13.512] [Render thread/INFO] [net.minecraft.client.gui.components.ChatComponent/]: [System] [CHAT] 
[06juin2026 10:14:13.513] [Render thread/INFO] [net.minecraft.client.gui.components.ChatComponent/]: [System] [CHAT] ▶ Craft rapide :
[06juin2026 10:14:13.513] [Render thread/INFO] [net.minecraft.client.gui.components.ChatComponent/]: [System] [CHAT]   Laine + Fil          → 🩹 Bandage (×4)
[06juin2026 10:14:13.514] [Render thread/INFO] [net.minecraft.client.gui.components.ChatComponent/]: [System] [CHAT]   Bandages + Or + Coffre → 🏥 Kit Médical
[06juin2026 10:14:13.514] [Render thread/INFO] [net.minecraft.client.gui.components.ChatComponent/]: [System] [CHAT]   Verre + Blaze + Fer  → 💉 Seringue (×2)
[06juin2026 10:14:13.514] [Render thread/INFO] [net.minecraft.client.gui.components.ChatComponent/]: [System] [CHAT] ══════════════════════════════
[06juin2026 10:14:17.829] [Render thread/INFO] [net.minecraft.advancements.AdvancementTree/]: Loaded 11 advancements
[06juin2026 10:14:35.354] [Server thread/INFO] [net.minecraft.client.server.IntegratedServer/]: Saving and pausing game...
[06juin2026 10:14:35.501] [Server thread/INFO] [net.minecraft.server.MinecraftServer/]: Saving chunks for level 'ServerLevel[New World]'/minecraft:overworld
[06juin2026 10:14:35.533] [Server thread/INFO] [net.minecraft.server.MinecraftServer/]: Saving chunks for level 'ServerLevel[New World]'/minecraft:the_nether
[06juin2026 10:14:35.534] [Server thread/INFO] [net.minecraft.server.MinecraftServer/]: Saving chunks for level 'ServerLevel[New World]'/minecraft:the_end
[06juin2026 10:14:35.884] [Server thread/INFO] [net.minecraft.server.network.ServerGamePacketListenerImpl/]: Dev lost connection: Disconnected
[06juin2026 10:14:35.885] [Server thread/INFO] [net.minecraft.server.MinecraftServer/]: Dev left the game
[06juin2026 10:14:36.062] [Server thread/INFO] [net.minecraft.server.network.ServerCommonPacketListenerImpl/]: Stopping singleplayer server as player logged out
[06juin2026 10:14:36.087] [Server thread/INFO] [net.minecraft.server.MinecraftServer/]: Stopping server
[06juin2026 10:14:36.088] [Server thread/INFO] [net.minecraft.server.MinecraftServer/]: Saving players
[06juin2026 10:14:36.088] [Server thread/INFO] [net.minecraft.server.MinecraftServer/]: Saving worlds
[06juin2026 10:15:00.239] [Server thread/INFO] [net.minecraft.server.MinecraftServer/]: Saving chunks for level 'ServerLevel[New World]'/minecraft:overworld
[06juin2026 10:15:05.776] [Server thread/INFO] [net.minecraft.server.MinecraftServer/]: Saving chunks for level 'ServerLevel[New World]'/minecraft:the_nether
[06juin2026 10:15:05.815] [Server thread/INFO] [net.minecraft.server.MinecraftServer/]: Saving chunks for level 'ServerLevel[New World]'/minecraft:the_end
[06juin2026 10:15:05.907] [Server thread/INFO] [net.minecraft.server.MinecraftServer/]: ThreadedAnvilChunkStorage (New World): All chunks are saved
[06juin2026 10:15:05.909] [Server thread/INFO] [net.minecraft.server.MinecraftServer/]: ThreadedAnvilChunkStorage (DIM-1): All chunks are saved
[06juin2026 10:15:05.910] [Server thread/INFO] [net.minecraft.server.MinecraftServer/]: ThreadedAnvilChunkStorage (DIM1): All chunks are saved
[06juin2026 10:15:05.910] [Server thread/INFO] [net.minecraft.server.MinecraftServer/]: ThreadedAnvilChunkStorage: All dimensions are saved
[06juin2026 10:15:06.616] [Render thread/INFO] [net.minecraft.client.Minecraft/]: Stopping!
